# JRE version: OpenJDK Runtime Environment (8.0_152-b08) (build 1.8.0_152-release-915-b08)
# Java VM: OpenJDK 64-Bit Server VM (25.152-b08 mixed mode bsd-amd64 compressed oops)
Heap:
 PSYoungGen      total 318976K, used 56918K [0x00000007aab00000, 0x00000007c0000000, 0x00000007c0000000)
  eden space 293888K, 11% used [0x00000007aab00000,0x00000007acd568d8,0x00000007bca00000)
  from space 25088K, 86% used [0x00000007be600000,0x00000007bfb3ef88,0x00000007bfe80000)
  to   space 27648K, 0% used [0x00000007bca00000,0x00000007bca00000,0x00000007be500000)
 ParOldGen       total 160256K, used 56779K [0x0000000780000000, 0x0000000789c80000, 0x00000007aab00000)
  object space 160256K, 35% used [0x0000000780000000,0x0000000783772c10,0x0000000789c80000)
 Metaspace       used 90682K, capacity 95074K, committed 95232K, reserved 1132544K
  class space    used 12017K, capacity 12991K, committed 13056K, reserved 1048576K
GC Heap History (10 events):
Event: 31.786 GC heap before
{Heap before GC invocations=13 (full 3):
 PSYoungGen      total 198144K, used 184832K [0x00000007aab00000, 0x00000007bac00000, 0x00000007c0000000)
  eden space 184832K, 100% used [0x00000007aab00000,0x00000007b5f80000,0x00000007b5f80000)
  from space 13312K, 0% used [0x00000007b5f80000,0x00000007b5f80000,0x00000007b6c80000)
  to   space 17920K, 0% used [0x00000007b9a80000,0x00000007b9a80000,0x00000007bac00000)
 ParOldGen       total 160256K, used 33814K [0x0000000780000000, 0x0000000789c80000, 0x00000007aab00000)
  object space 160256K, 21% used [0x0000000780000000,0x0000000782105bb0,0x0000000789c80000)
 Metaspace       used 76376K, capacity 78754K, committed 78976K, reserved 1118208K
  class space    used 10085K, capacity 10610K, committed 10624K, reserved 1048576K
Event: 31.821 GC heap after
Heap after GC invocations=13 (full 3):
 PSYoungGen      total 241152K, used 17900K [0x00000007aab00000, 0x00000007bb380000, 0x00000007c0000000)
  eden space 223232K, 0% used [0x00000007aab00000,0x00000007aab00000,0x00000007b8500000)
  from space 17920K, 99% used [0x00000007b9a80000,0x00000007babfb208,0x00000007bac00000)
  to   space 22016K, 0% used [0x00000007b8500000,0x00000007b8500000,0x00000007b9a80000)
 ParOldGen       total 160256K, used 38368K [0x0000000780000000, 0x0000000789c80000, 0x00000007aab00000)
  object space 160256K, 23% used [0x0000000780000000,0x00000007825782a8,0x0000000789c80000)
 Metaspace       used 76376K, capacity 78754K, committed 78976K, reserved 1118208K
  class space    used 10085K, capacity 10610K, committed 10624K, reserved 1048576K
}
Event: 32.641 GC heap before
{Heap before GC invocations=14 (full 3):
 PSYoungGen      total 241152K, used 225352K [0x00000007aab00000, 0x00000007bb380000, 0x00000007c0000000)
  eden space 223232K, 92% used [0x00000007aab00000,0x00000007b7596ea0,0x00000007b8500000)
  from space 17920K, 99% used [0x00000007b9a80000,0x00000007babfb208,0x00000007bac00000)
  to   space 22016K, 0% used [0x00000007b8500000,0x00000007b8500000,0x00000007b9a80000)
 ParOldGen       total 160256K, used 38368K [0x0000000780000000, 0x0000000789c80000, 0x00000007aab00000)
  object space 160256K, 23% used [0x0000000780000000,0x00000007825782a8,0x0000000789c80000)
 Metaspace       used 79781K, capacity 82310K, committed 82560K, reserved 1120256K
  class space    used 10584K, capacity 11112K, committed 11136K, reserved 1048576K
Event: 32.677 GC heap after
Heap after GC invocations=14 (full 3):
 PSYoungGen      total 245248K, used 21996K [0x00000007aab00000, 0x00000007bfd00000, 0x00000007c0000000)
  eden space 223232K, 0% used [0x00000007aab00000,0x00000007aab00000,0x00000007b8500000)
  from space 22016K, 99% used [0x00000007b8500000,0x00000007b9a7b250,0x00000007b9a80000)
  to   space 25600K, 0% used [0x00000007be400000,0x00000007be400000,0x00000007bfd00000)
 ParOldGen       total 160256K, used 40470K [0x0000000780000000, 0x0000000789c80000, 0x00000007aab00000)
  object space 160256K, 25% used [0x0000000780000000,0x0000000782785980,0x0000000789c80000)
 Metaspace       used 79781K, capacity 82310K, committed 82560K, reserved 1120256K
  class space    used 10584K, capacity 11112K, committed 11136K, reserved 1048576K
}
Event: 32.936 GC heap before
{Heap before GC invocations=15 (full 3):
 PSYoungGen      total 245248K, used 241384K [0x00000007aab00000, 0x00000007bfd00000, 0x00000007c0000000)
  eden space 223232K, 98% used [0x00000007aab00000,0x00000007b813ee20,0x00000007b8500000)
  from space 22016K, 99% used [0x00000007b8500000,0x00000007b9a7b250,0x00000007b9a80000)
  to   space 25600K, 0% used [0x00000007be400000,0x00000007be400000,0x00000007bfd00000)
 ParOldGen       total 160256K, used 40470K [0x0000000780000000, 0x0000000789c80000, 0x00000007aab00000)
  object space 160256K, 25% used [0x0000000780000000,0x0000000782785980,0x0000000789c80000)
 Metaspace       used 80946K, capacity 83518K, committed 83840K, reserved 1122304K
  class space    used 10759K, capacity 11296K, committed 11392K, reserved 1048576K
Event: 32.959 GC heap after
Heap after GC invocations=15 (full 3):
 PSYoungGen      total 320000K, used 1364K [0x00000007aab00000, 0x00000007c0000000, 0x00000007c0000000)
  eden space 294400K, 0% used [0x00000007aab00000,0x00000007aab00000,0x00000007bca80000)
  from space 25600K, 5% used [0x00000007be400000,0x00000007be555128,0x00000007bfd00000)
  to   space 26112K, 0% used [0x00000007bca80000,0x00000007bca80000,0x00000007be400000)
 ParOldGen       total 160256K, used 51411K [0x0000000780000000, 0x0000000789c80000, 0x00000007aab00000)
  object space 160256K, 32% used [0x0000000780000000,0x0000000783234ce0,0x0000000789c80000)
 Metaspace       used 80946K, capacity 83518K, committed 83840K, reserved 1122304K
  class space    used 10759K, capacity 11296K, committed 11392K, reserved 1048576K
}
Event: 36.447 GC heap before
{Heap before GC invocations=16 (full 3):
 PSYoungGen      total 320000K, used 295764K [0x00000007aab00000, 0x00000007c0000000, 0x00000007c0000000)
  eden space 294400K, 100% used [0x00000007aab00000,0x00000007bca80000,0x00000007bca80000)
  from space 25600K, 5% used [0x00000007be400000,0x00000007be555128,0x00000007bfd00000)
  to   space 26112K, 0% used [0x00000007bca80000,0x00000007bca80000,0x00000007be400000)
 ParOldGen       total 160256K, used 51411K [0x0000000780000000, 0x0000000789c80000, 0x00000007aab00000)
  object space 160256K, 32% used [0x0000000780000000,0x0000000783234ce0,0x0000000789c80000)
 Metaspace       used 85493K, capacity 88382K, committed 88704K, reserved 1126400K
  class space    used 11219K, capacity 11805K, committed 11904K, reserved 1048576K
Event: 36.470 GC heap after
Heap after GC invocations=16 (full 3):
 PSYoungGen      total 320512K, used 8251K [0x00000007aab00000, 0x00000007bfe80000, 0x00000007c0000000)
  eden space 294400K, 0% used [0x00000007aab00000,0x00000007aab00000,0x00000007bca80000)
  from space 26112K, 31% used [0x00000007bca80000,0x00000007bd28ee38,0x00000007be400000)
  to   space 25088K, 0% used [0x00000007be600000,0x00000007be600000,0x00000007bfe80000)
 ParOldGen       total 160256K, used 51699K [0x0000000780000000, 0x0000000789c80000, 0x00000007aab00000)
  object space 160256K, 32% used [0x0000000780000000,0x000000078327cce0,0x0000000789c80000)
 Metaspace       used 85493K, capacity 88382K, committed 88704K, reserved 1126400K
  class space    used 11219K, capacity 11805K, committed 11904K, reserved 1048576K
}
Event: 53.145 GC heap before
{Heap before GC invocations=17 (full 3):
 PSYoungGen      total 320512K, used 302651K [0x00000007aab00000, 0x00000007bfe80000, 0x00000007c0000000)
  eden space 294400K, 100% used [0x00000007aab00000,0x00000007bca80000,0x00000007bca80000)
  from space 26112K, 31% used [0x00000007bca80000,0x00000007bd28ee38,0x00000007be400000)
  to   space 25088K, 0% used [0x00000007be600000,0x00000007be600000,0x00000007bfe80000)
 ParOldGen       total 160256K, used 51699K [0x0000000780000000, 0x0000000789c80000, 0x00000007aab00000)
  object space 160256K, 32% used [0x0000000780000000,0x000000078327cce0,0x0000000789c80000)
 Metaspace       used 90230K, capacity 94394K, committed 94592K, reserved 1130496K
  class space    used 11960K, capacity 12895K, committed 12928K, reserved 1048576K
Event: 53.197 GC heap after
Heap after GC invocations=17 (full 3):
 PSYoungGen      total 318976K, used 21755K [0x00000007aab00000, 0x00000007c0000000, 0x00000007c0000000)
  eden space 293888K, 0% used [0x00000007aab00000,0x00000007aab00000,0x00000007bca00000)
  from space 25088K, 86% used [0x00000007be600000,0x00000007bfb3ef88,0x00000007bfe80000)
  to   space 27648K, 0% used [0x00000007bca00000,0x00000007bca00000,0x00000007be500000)
 ParOldGen       total 160256K, used 56779K [0x0000000780000000, 0x0000000789c80000, 0x00000007aab00000)
  object space 160256K, 35% used [0x0000000780000000,0x0000000783772c10,0x0000000789c80000)
 Metaspace       used 90230K, capacity 94394K, committed 94592K, reserved 1130496K
  class space    used 11960K, capacity 12895K, committed 12928K, reserved 1048576K
}

